{"numFailedTestSuites":2,"numFailedTests":0,"numPassedTestSuites":0,"numPassedTests":0,"numPendingTestSuites":0,"numPendingTests":0,"numRuntimeErrorTestSuites":2,"numTodoTests":0,"numTotalTestSuites":2,"numTotalTests":0,"openHandles":[],"snapshot":{"added":0,"didUpdate":false,"failure":false,"filesAdded":0,"filesRemoved":0,"filesRemovedList":[],"filesUnmatched":0,"filesUpdated":0,"matched":0,"total":0,"unchecked":0,"uncheckedKeysByFile":[],"unmatched":0,"updated":0},"startTime":1611409107252,"success":false,"testResults":[{"assertionResults":[],"coverage":{},"endTime":1611409115965,"message":"  \u001b[1m● \u001b[22mTest suite failed to run\n\n    Cannot find module '../src/.jest-test-results.json' from '.storybook/preview.js'\n\n    Require stack:\n      .storybook/preview.js\n      node_modules/@storybook/addon-storyshots/dist/frameworks/configure.js\n      node_modules/@storybook/addon-storyshots/dist/frameworks/angular/loader.js\n      node_modules/@storybook/addon-storyshots/dist/frameworks/frameworkLoader.js\n      node_modules/@storybook/addon-storyshots/dist/api/index.js\n      node_modules/@storybook/addon-storyshots/dist/index.js\n      src/storyImageshots.test.js\n\n    \u001b[0m \u001b[90m 3 | \u001b[39m\u001b[0m\n    \u001b[0m \u001b[90m 4 | \u001b[39m\u001b[36mimport\u001b[39m theme from \u001b[32m\"../src/styles/theme\"\u001b[39m\u001b[33m;\u001b[39m\u001b[0m\n    \u001b[0m\u001b[31m\u001b[1m>\u001b[22m\u001b[39m\u001b[90m 5 | \u001b[39m\u001b[36mimport\u001b[39m testResults from \u001b[32m\"../src/.jest-test-results.json\"\u001b[39m\u001b[33m;\u001b[39m\u001b[0m\n    \u001b[0m \u001b[90m   | \u001b[39m\u001b[31m\u001b[1m^\u001b[22m\u001b[39m\u001b[0m\n    \u001b[0m \u001b[90m 6 | \u001b[39m\u001b[0m\n    \u001b[0m \u001b[90m 7 | \u001b[39m\u001b[36mexport\u001b[39m \u001b[36mconst\u001b[39m parameters \u001b[33m=\u001b[39m {\u001b[0m\n    \u001b[0m \u001b[90m 8 | \u001b[39m  options\u001b[33m:\u001b[39m {\u001b[0m\n\n      \u001b[2mat Resolver.resolveModule (\u001b[22mnode_modules/jest-resolve/build/index.js\u001b[2m:306:11)\u001b[22m\n      \u001b[2mat Object.<anonymous> (\u001b[22m.storybook/preview.js\u001b[2m:5:1)\u001b[22m\n","name":"D:\\workplace\\learn_node\\fv\\ui\\src\\storyImageshots.test.js","startTime":1611409115965,"status":"failed","summary":""},{"assertionResults":[],"coverage":{},"endTime":1611409115965,"message":"  \u001b[1m● \u001b[22mTest suite failed to run\n\n    Cannot find module '../src/.jest-test-results.json' from '.storybook/preview.js'\n\n    Require stack:\n      .storybook/preview.js\n      node_modules/@storybook/addon-storyshots/dist/frameworks/configure.js\n      node_modules/@storybook/addon-storyshots/dist/frameworks/angular/loader.js\n      node_modules/@storybook/addon-storyshots/dist/frameworks/frameworkLoader.js\n      node_modules/@storybook/addon-storyshots/dist/api/index.js\n      node_modules/@storybook/addon-storyshots/dist/index.js\n      src/snapshot.test.js\n\n    \u001b[0m \u001b[90m 3 | \u001b[39m\u001b[0m\n    \u001b[0m \u001b[90m 4 | \u001b[39m\u001b[36mimport\u001b[39m theme from \u001b[32m\"../src/styles/theme\"\u001b[39m\u001b[33m;\u001b[39m\u001b[0m\n    \u001b[0m\u001b[31m\u001b[1m>\u001b[22m\u001b[39m\u001b[90m 5 | \u001b[39m\u001b[36mimport\u001b[39m testResults from \u001b[32m\"../src/.jest-test-results.json\"\u001b[39m\u001b[33m;\u001b[39m\u001b[0m\n    \u001b[0m \u001b[90m   | \u001b[39m\u001b[31m\u001b[1m^\u001b[22m\u001b[39m\u001b[0m\n    \u001b[0m \u001b[90m 6 | \u001b[39m\u001b[0m\n    \u001b[0m \u001b[90m 7 | \u001b[39m\u001b[36mexport\u001b[39m \u001b[36mconst\u001b[39m parameters \u001b[33m=\u001b[39m {\u001b[0m\n    \u001b[0m \u001b[90m 8 | \u001b[39m  options\u001b[33m:\u001b[39m {\u001b[0m\n\n      \u001b[2mat Resolver.resolveModule (\u001b[22mnode_modules/jest-resolve/build/index.js\u001b[2m:306:11)\u001b[22m\n      \u001b[2mat Object.<anonymous> (\u001b[22m.storybook/preview.js\u001b[2m:5:1)\u001b[22m\n","name":"D:\\workplace\\learn_node\\fv\\ui\\src\\snapshot.test.js","startTime":1611409115965,"status":"failed","summary":""}],"wasInterrupted":false}